<?xml version="1.0" encoding="UTF-8"?>
<!-- Generated by org.testng.reporters.JUnitReportReporter -->
<testsuite hostname="NO-002-QA" failures="0" tests="3" name="com.crm.qa.testcases.HomePageTest" time="118.225" errors="0" timestamp="2024-02-15T16:32:29 IST" skipped="0">
  <testcase classname="com.crm.qa.testcases.HomePageTest" name="homePageTitleTest" time="40.780"/>
  <system-out/>
  <testcase classname="com.crm.qa.testcases.HomePageTest" name="verifyImageLogoTest" time="40.293"/>
  <system-out/>
  <testcase classname="com.crm.qa.testcases.HomePageTest" name="clickMyAssignmentsLinkTest" time="37.152"/>
  <system-out/>
</testsuite> <!-- com.crm.qa.testcases.HomePageTest -->
