<?xml version="1.0" encoding="UTF-8"?>
<!-- Generated by org.testng.reporters.JUnitReportReporter -->
<testsuite hostname="NO-002-QA" failures="0" tests="1" name="com.crm.qa.testcases.AddCommandPageTest" time="94.810" errors="0" timestamp="2024-03-13T15:20:03 IST" skipped="0">
  <testcase classname="com.crm.qa.testcases.AddCommandPageTest" name="uploadFileTest" time="94.810"/>
  <system-out/>
</testsuite> <!-- com.crm.qa.testcases.AddCommandPageTest -->
