<?xml version="1.0" encoding="UTF-8"?>
<!-- Generated by org.testng.reporters.JUnitReportReporter -->
<testsuite hostname="NO-002-QA" failures="0" tests="3" name="com.crm.qa.testcases.LoginPageTest" time="35.118" errors="0" timestamp="2024-02-15T15:35:38 IST" skipped="0">
  <testcase classname="com.crm.qa.testcases.LoginPageTest" name="loginPageTitleTest" time="9.017"/>
  <system-out/>
  <testcase classname="com.crm.qa.testcases.LoginPageTest" name="imageLogoTest" time="5.569"/>
  <system-out/>
  <testcase classname="com.crm.qa.testcases.LoginPageTest" name="loginTest" time="20.532"/>
  <system-out/>
</testsuite> <!-- com.crm.qa.testcases.LoginPageTest -->
