<?xml version="1.0" encoding="UTF-8"?>
<!-- Generated by org.testng.reporters.JUnitReportReporter -->
<testsuite hostname="NO-002-QA" failures="0" tests="1" name="com.crm.qa.testcases.BusinessesPageFreeTest" time="112.001" errors="0" timestamp="2023-10-30T11:24:48 IST" skipped="0">
  <testcase classname="com.crm.qa.testcases.BusinessesPageFreeTest" name="businessesPageFree" time="112.001"/>
  <system-out/>
</testsuite> <!-- com.crm.qa.testcases.BusinessesPageFreeTest -->
